81.887901400462
82.0300652982688
82.0254752677104
82.0254752677104
82.0254752677104
82.0347536625479
82.0347536625479
82.2214561631905
82.2214561631905
82.2214561631905
82.2214561631905
82.1792824087788
82.1792824087788
82.1792824087788
81.8138138823775
81.7882932915681
81.7882932915681
81.7944737616001
81.7944737616001
81.7944737616001
81.7944737616001
81.7944737616001
81.7769148618965
81.7769148618965
81.7769148618965
81.8546586255287
81.8102288212886
81.8102288212886
81.8102288212886
81.8102288212886
81.8102288212886
81.828559871646
81.828559871646
81.8371865630166
81.7801487246
81.8957778627777
81.8957778627777
81.778612437982
81.778612437982
81.778612437982
81.778612437982
81.778612437982
81.778612437982
81.778612437982
81.7307021789456
81.7307021789456
81.7307021789456
81.7307021789456
81.7307021789456
81.7307021789456
81.7307021789456
81.8569533317071
81.8569533317071
81.8569533317071
81.8569533317071
81.8569533317071
81.91164588099
81.91164588099
81.91164588099
81.91164588099
81.7675209323856
81.7675209323856
81.7675209323856
81.7880939971888
81.7880939971888
81.7864445595533
81.7864445595533
81.7864445595533
81.7864445595533
81.7864445595533
81.7864445595533
81.7864445595533
81.7864445595533
81.7864445595533
81.7864445595533
81.7864445595533
81.7864445595533
81.7864445595533
81.7864445595533
81.7864445595533
81.7864445595533
81.7864445595533
82.2947408676027
81.8162003811574
81.8162003811574
81.8443969572779
81.9368518106979
82.0159472297195
82.1751837471839
82.1751837471839
82.1751837471839
82.1751837471839
82.1751837471839
82.1751837471839
82.1502094464758
82.1502094464758
82.1502094464758
82.503116798802
82.503116798802
82.503116798802
