84.1171712985558,83.9706363708851,4715.72028774597,4770.64424866043,4829.21575669244,4875.45539269933,4918.74380281336,4716.81386620311,4767.27163681769,4828.42393634012,4871.84311766828,4925.42509089672
84.1171712985558,83.9907563610015,4715.72028774597,4770.64424866043,4829.21575669244,4875.45539269933,4918.74380281336,4714.74283874989,4773.65871555884,4829.92349192937,4871.84311766828,4912.77201515881
84.1171712985558,84.0057823980968,4715.72028774597,4770.64424866043,4829.21575669244,4875.45539269933,4918.74380281336,4714.22445207503,4775.67529405393,4829.92349192937,4872.30364029013,4912.77201515881
84.1171712985558,84.0723351698982,4715.72028774597,4770.64424866043,4829.21575669244,4875.45539269933,4918.74380281336,4717.93301650336,4763.20202820925,4828.16883279447,4880.11765161416,4927.57762495897
84.1171712985558,83.9548419657265,4715.72028774597,4770.64424866043,4829.21575669244,4875.45539269933,4918.74380281336,4717.93301650336,4776.85981310034,4830.09012248075,4871.56158561436,4911.36600593714
84.1171712985558,84.0971616581549,4715.72028774597,4770.64424866043,4829.21575669244,4875.45539269933,4918.74380281336,4713.29232046344,4763.82407829286,4828.25633881536,4879.72796165983,4926.83925932733
84.1171712985558,84.1456383373299,4715.72028774597,4770.64424866043,4829.21575669244,4875.45539269933,4918.74380281336,4713.29232046344,4779.7355378431,4830.49466101558,4879.72796165983,4907.95255680808
84.1171712985558,84.1125861264206,4715.72028774597,4770.64424866043,4829.21575669244,4875.45539269933,4918.74380281336,4712.79156306492,4779.7355378431,4831.94806248682,4882.08018555016,4905.65556883308
84.1960066332693,84.1125861264206,4709.95046687364,4788.55481240239,4829.21575669244,4888.50676222986,4918.74380281336,4712.79156306492,4779.7355378431,4831.94806248682,4882.08018555016,4905.65556883308
84.2611028007088,84.1125861264206,4706.39510199106,4785.05695222217,4829.12471591331,4888.15058350371,4931.26561232336,4712.79156306492,4779.7355378431,4831.94806248682,4882.08018555016,4905.65556883308
84.2611028007088,84.1125861264206,4706.39510199106,4785.05695222217,4829.12471591331,4888.15058350371,4931.26561232336,4712.79156306492,4779.7355378431,4831.94806248682,4882.08018555016,4905.65556883308
84.2351126611687,84.1125861264206,4701.0472021582,4784.78103397406,4829.12471591331,4890.12822320142,4951.11226892608,4712.79156306492,4779.7355378431,4831.94806248682,4882.08018555016,4905.65556883308
84.2351126611687,85.3842903904758,4701.0472021582,4784.78103397406,4829.12471591331,4890.12822320142,4951.11226892608,4689.56735505815,4779.7355378431,4826.36495850873,4882.08018555016,4995.54516492485
84.2351126611687,84.8173666920475,4701.0472021582,4784.78103397406,4829.12471591331,4890.12822320142,4951.11226892608,4692.48665302259,4781.79106292446,4826.36495850873,4875.8712423038,5020.42413084277
84.2351126611687,84.8173666920475,4701.0472021582,4784.78103397406,4829.12471591331,4890.12822320142,4951.11226892608,4692.48665302259,4781.79106292446,4826.36495850873,4875.8712423038,5020.42413084277
84.2351126611687,84.8173666920475,4701.0472021582,4784.78103397406,4829.12471591331,4890.12822320142,4951.11226892608,4692.48665302259,4781.79106292446,4826.36495850873,4875.8712423038,5020.42413084277
84.2351126611687,84.8173666920475,4701.0472021582,4784.78103397406,4829.12471591331,4890.12822320142,4951.11226892608,4692.48665302259,4781.79106292446,4826.36495850873,4875.8712423038,5020.42413084277
84.2351126611687,84.8173666920475,4701.0472021582,4784.78103397406,4829.12471591331,4890.12822320142,4951.11226892608,4692.48665302259,4781.79106292446,4826.36495850873,4875.8712423038,5020.42413084277
84.2603035884699,84.8173666920475,4704.45413219754,4788.13275661439,4828.17800321282,4896.89797257208,4908.80982777326,4692.48665302259,4781.79106292446,4826.36495850873,4875.8712423038,5020.42413084277
84.2603035884699,84.8173666920475,4704.45413219754,4788.13275661439,4828.17800321282,4896.89797257208,4908.80982777326,4692.48665302259,4781.79106292446,4826.36495850873,4875.8712423038,5020.42413084277
84.2603035884699,84.8173666920475,4704.45413219754,4788.13275661439,4828.17800321282,4896.89797257208,4908.80982777326,4692.48665302259,4781.79106292446,4826.36495850873,4875.8712423038,5020.42413084277
84.2603035884699,84.8173666920475,4704.45413219754,4788.13275661439,4828.17800321282,4896.89797257208,4908.80982777326,4692.48665302259,4781.79106292446,4826.36495850873,4875.8712423038,5020.42413084277
84.2603035884699,84.8173666920475,4704.45413219754,4788.13275661439,4828.17800321282,4896.89797257208,4908.80982777326,4692.48665302259,4781.79106292446,4826.36495850873,4875.8712423038,5020.42413084277
84.2603035884699,84.8173666920475,4704.45413219754,4788.13275661439,4828.17800321282,4896.89797257208,4908.80982777326,4692.48665302259,4781.79106292446,4826.36495850873,4875.8712423038,5020.42413084277
84.2603035884699,84.8173666920475,4704.45413219754,4788.13275661439,4828.17800321282,4896.89797257208,4908.80982777326,4692.48665302259,4781.79106292446,4826.36495850873,4875.8712423038,5020.42413084277
84.2603035884699,84.8173666920475,4704.45413219754,4788.13275661439,4828.17800321282,4896.89797257208,4908.80982777326,4692.48665302259,4781.79106292446,4826.36495850873,4875.8712423038,5020.42413084277
84.2603035884699,84.8173666920475,4704.45413219754,4788.13275661439,4828.17800321282,4896.89797257208,4908.80982777326,4692.48665302259,4781.79106292446,4826.36495850873,4875.8712423038,5020.42413084277
84.2603035884699,84.9179574026581,4704.45413219754,4788.13275661439,4828.17800321282,4896.89797257208,4908.80982777326,4699.41078045896,4781.79106292446,4827.22183671958,4875.8712423038,4988.57248801331
84.2603035884699,84.9179574026581,4704.45413219754,4788.13275661439,4828.17800321282,4896.89797257208,4908.80982777326,4699.41078045896,4781.79106292446,4827.22183671958,4875.8712423038,4988.57248801331
84.2603035884699,84.9179574026581,4704.45413219754,4788.13275661439,4828.17800321282,4896.89797257208,4908.80982777326,4699.41078045896,4781.79106292446,4827.22183671958,4875.8712423038,4988.57248801331
84.2603035884699,84.9179574026581,4704.45413219754,4788.13275661439,4828.17800321282,4896.89797257208,4908.80982777326,4699.41078045896,4781.79106292446,4827.22183671958,4875.8712423038,4988.57248801331
85.2349758876202,84.9179574026581,4693.62342033418,4774.51382606156,4826.1246140545,4851.74259401262,5080.10194367031,4699.41078045896,4781.79106292446,4827.22183671958,4875.8712423038,4988.57248801331
85.2349758876202,84.8565017367419,4693.62342033418,4774.51382606156,4826.1246140545,4851.74259401262,5080.10194367031,4697.16637930082,4785.96778580409,4827.22183671958,4875.8712423038,4984.49780498353
85.2349758876202,84.8565017367419,4693.62342033418,4774.51382606156,4826.1246140545,4851.74259401262,5080.10194367031,4697.16637930082,4785.96778580409,4827.22183671958,4875.8712423038,4984.49780498353
84.783365736088,84.8565017367419,4692.8622265556,4774.51382606156,4826.1246140545,4848.03500945149,5052.1824219875,4697.16637930082,4785.96778580409,4827.22183671958,4875.8712423038,4984.49780498353
84.7205504019147,84.8565017367419,4694.553294907,4765.21625118908,4825.34592469367,4839.19411657501,5103.57798011257,4697.16637930082,4785.96778580409,4827.22183671958,4875.8712423038,4984.49780498353
83.8618329393333,84.8565017367419,4690.93406517416,4745.77107506606,4823.40665888579,4854.82737761276,5207.22075623861,4697.16637930082,4785.96778580409,4827.22183671958,4875.8712423038,4984.49780498353
83.8618329393333,83.7015536166656,4690.93406517416,4745.77107506606,4823.40665888579,4854.82737761276,5207.22075623861,4693.49735755009,4827.76299169205,4831.50300499786,4891.22400416222,4980.43443158424
83.8618329393333,83.7015536166656,4690.93406517416,4745.77107506606,4823.40665888579,4854.82737761276,5207.22075623861,4693.49735755009,4827.76299169205,4831.50300499786,4891.22400416222,4980.43443158424
83.8618329393333,83.7015536166656,4690.93406517416,4745.77107506606,4823.40665888579,4854.82737761276,5207.22075623861,4693.49735755009,4827.76299169205,4831.50300499786,4891.22400416222,4980.43443158424
84.6945888379467,83.7015536166656,4687.60538977631,4761.93776742165,4822.71692568838,4854.82737761276,5207.22075623861,4693.49735755009,4827.76299169205,4831.50300499786,4891.22400416222,4980.43443158424
84.6945888379467,83.7015536166656,4687.60538977631,4761.93776742165,4822.71692568838,4854.82737761276,5207.22075623861,4693.49735755009,4827.76299169205,4831.50300499786,4891.22400416222,4980.43443158424
84.6945888379467,83.7015536166656,4687.60538977631,4761.93776742165,4822.71692568838,4854.82737761276,5207.22075623861,4693.49735755009,4827.76299169205,4831.50300499786,4891.22400416222,4980.43443158424
84.6945888379467,83.7015536166656,4687.60538977631,4761.93776742165,4822.71692568838,4854.82737761276,5207.22075623861,4693.49735755009,4827.76299169205,4831.50300499786,4891.22400416222,4980.43443158424
84.6945888379467,83.7015536166656,4687.60538977631,4761.93776742165,4822.71692568838,4854.82737761276,5207.22075623861,4693.49735755009,4827.76299169205,4831.50300499786,4891.22400416222,4980.43443158424
84.6945888379467,83.3761193267361,4687.60538977631,4761.93776742165,4822.71692568838,4854.82737761276,5207.22075623861,4699.91618731951,4820.49729687139,4831.70075947162,4915.23880577293,4926.14059000244
84.6945888379467,83.3761193267361,4687.60538977631,4761.93776742165,4822.71692568838,4854.82737761276,5207.22075623861,4699.91618731951,4820.49729687139,4831.70075947162,4915.23880577293,4926.14059000244
84.6945888379467,83.3761193267361,4687.60538977631,4761.93776742165,4822.71692568838,4854.82737761276,5207.22075623861,4699.91618731951,4820.49729687139,4831.70075947162,4915.23880577293,4926.14059000244
84.6945888379467,83.3761193267361,4687.60538977631,4761.93776742165,4822.71692568838,4854.82737761276,5207.22075623861,4699.91618731951,4820.49729687139,4831.70075947162,4915.23880577293,4926.14059000244
84.6945888379467,83.3761193267361,4687.60538977631,4761.93776742165,4822.71692568838,4854.82737761276,5207.22075623861,4699.91618731951,4820.49729687139,4831.70075947162,4915.23880577293,4926.14059000244
84.6945888379467,83.3761193267361,4687.60538977631,4761.93776742165,4822.71692568838,4854.82737761276,5207.22075623861,4699.91618731951,4820.49729687139,4831.70075947162,4915.23880577293,4926.14059000244
84.6945888379467,83.3761193267361,4687.60538977631,4761.93776742165,4822.71692568838,4854.82737761276,5207.22075623861,4699.91618731951,4820.49729687139,4831.70075947162,4915.23880577293,4926.14059000244
84.6945888379467,83.8837034711635,4687.60538977631,4761.93776742165,4822.71692568838,4854.82737761276,5207.22075623861,4673.98379451366,4697.14308566882,4831.70075947162,4915.23880577293,4926.14059000244
84.5698309099057,83.8837034711635,4705.48763764175,4755.99221238213,4822.71692568838,4854.82737761276,5066.03024815783,4673.98379451366,4697.14308566882,4831.70075947162,4915.23880577293,4926.14059000244
84.8408966395482,83.8837034711635,4732.98455712801,4800.01587249813,4815.79498877825,4854.82737761276,5163.78563217826,4673.98379451366,4697.14308566882,4831.70075947162,4915.23880577293,4926.14059000244
84.8408966395482,83.8837034711635,4732.98455712801,4800.01587249813,4815.79498877825,4854.82737761276,5163.78563217826,4673.98379451366,4697.14308566882,4831.70075947162,4915.23880577293,4926.14059000244
84.8408966395482,83.8837034711635,4732.98455712801,4800.01587249813,4815.79498877825,4854.82737761276,5163.78563217826,4673.98379451366,4697.14308566882,4831.70075947162,4915.23880577293,4926.14059000244
84.8408966395482,83.8837034711635,4732.98455712801,4800.01587249813,4815.79498877825,4854.82737761276,5163.78563217826,4673.98379451366,4697.14308566882,4831.70075947162,4915.23880577293,4926.14059000244
84.8408966395482,83.8837034711635,4732.98455712801,4800.01587249813,4815.79498877825,4854.82737761276,5163.78563217826,4673.98379451366,4697.14308566882,4831.70075947162,4915.23880577293,4926.14059000244
84.8408966395482,83.8837034711635,4732.98455712801,4800.01587249813,4815.79498877825,4854.82737761276,5163.78563217826,4673.98379451366,4697.14308566882,4831.70075947162,4915.23880577293,4926.14059000244
84.8408966395482,83.8837034711635,4732.98455712801,4800.01587249813,4815.79498877825,4854.82737761276,5163.78563217826,4673.98379451366,4697.14308566882,4831.70075947162,4915.23880577293,4926.14059000244
84.8408966395482,83.8837034711635,4732.98455712801,4800.01587249813,4815.79498877825,4854.82737761276,5163.78563217826,4673.98379451366,4697.14308566882,4831.70075947162,4915.23880577293,4926.14059000244
84.8408966395482,83.8837034711635,4732.98455712801,4800.01587249813,4815.79498877825,4854.82737761276,5163.78563217826,4673.98379451366,4697.14308566882,4831.70075947162,4915.23880577293,4926.14059000244
84.8408966395482,83.8837034711635,4732.98455712801,4800.01587249813,4815.79498877825,4854.82737761276,5163.78563217826,4673.98379451366,4697.14308566882,4831.70075947162,4915.23880577293,4926.14059000244
84.8408966395482,83.8837034711635,4732.98455712801,4800.01587249813,4815.79498877825,4854.82737761276,5163.78563217826,4673.98379451366,4697.14308566882,4831.70075947162,4915.23880577293,4926.14059000244
84.8408966395482,83.8837034711635,4732.98455712801,4800.01587249813,4815.79498877825,4854.82737761276,5163.78563217826,4673.98379451366,4697.14308566882,4831.70075947162,4915.23880577293,4926.14059000244
84.8408966395482,84.1708034352503,4732.98455712801,4800.01587249813,4815.79498877825,4854.82737761276,5163.78563217826,4677.94264009424,4691.46019390206,4831.70075947162,4886.29318535352,4926.14059000244
84.8408966395482,84.1708034352503,4732.98455712801,4800.01587249813,4815.79498877825,4854.82737761276,5163.78563217826,4677.94264009424,4691.46019390206,4831.70075947162,4886.29318535352,4926.14059000244
84.8408966395482,84.1708034352503,4732.98455712801,4800.01587249813,4815.79498877825,4854.82737761276,5163.78563217826,4677.94264009424,4691.46019390206,4831.70075947162,4886.29318535352,4926.14059000244
84.8408966395482,84.1708034352503,4732.98455712801,4800.01587249813,4815.79498877825,4854.82737761276,5163.78563217826,4677.94264009424,4691.46019390206,4831.70075947162,4886.29318535352,4926.14059000244
84.8408966395482,84.1708034352503,4732.98455712801,4800.01587249813,4815.79498877825,4854.82737761276,5163.78563217826,4677.94264009424,4691.46019390206,4831.70075947162,4886.29318535352,4926.14059000244
84.8408966395482,84.1708034352503,4732.98455712801,4800.01587249813,4815.79498877825,4854.82737761276,5163.78563217826,4677.94264009424,4691.46019390206,4831.70075947162,4886.29318535352,4926.14059000244
84.8408966395482,84.1708034352503,4732.98455712801,4800.01587249813,4815.79498877825,4854.82737761276,5163.78563217826,4677.94264009424,4691.46019390206,4831.70075947162,4886.29318535352,4926.14059000244
84.8408966395482,84.1708034352503,4732.98455712801,4800.01587249813,4815.79498877825,4854.82737761276,5163.78563217826,4677.94264009424,4691.46019390206,4831.70075947162,4886.29318535352,4926.14059000244
84.8408966395482,84.1708034352503,4732.98455712801,4800.01587249813,4815.79498877825,4854.82737761276,5163.78563217826,4677.94264009424,4691.46019390206,4831.70075947162,4886.29318535352,4926.14059000244
84.8408966395482,84.1708034352503,4732.98455712801,4800.01587249813,4815.79498877825,4854.82737761276,5163.78563217826,4677.94264009424,4691.46019390206,4831.70075947162,4886.29318535352,4926.14059000244
84.8408966395482,84.1708034352503,4732.98455712801,4800.01587249813,4815.79498877825,4854.82737761276,5163.78563217826,4677.94264009424,4691.46019390206,4831.70075947162,4886.29318535352,4926.14059000244
84.8408966395482,84.1708034352503,4732.98455712801,4800.01587249813,4815.79498877825,4854.82737761276,5163.78563217826,4677.94264009424,4691.46019390206,4831.70075947162,4886.29318535352,4926.14059000244
84.8408966395482,84.1708034352503,4732.98455712801,4800.01587249813,4815.79498877825,4854.82737761276,5163.78563217826,4677.94264009424,4691.46019390206,4831.70075947162,4886.29318535352,4926.14059000244
84.8408966395482,84.1708034352503,4732.98455712801,4800.01587249813,4815.79498877825,4854.82737761276,5163.78563217826,4677.94264009424,4691.46019390206,4831.70075947162,4886.29318535352,4926.14059000244
84.8408966395482,84.1708034352503,4732.98455712801,4800.01587249813,4815.79498877825,4854.82737761276,5163.78563217826,4677.94264009424,4691.46019390206,4831.70075947162,4886.29318535352,4926.14059000244
84.8408966395482,84.1708034352503,4732.98455712801,4800.01587249813,4815.79498877825,4854.82737761276,5163.78563217826,4677.94264009424,4691.46019390206,4831.70075947162,4886.29318535352,4926.14059000244
84.8408966395482,84.1708034352503,4732.98455712801,4800.01587249813,4815.79498877825,4854.82737761276,5163.78563217826,4677.94264009424,4691.46019390206,4831.70075947162,4886.29318535352,4926.14059000244
84.8408966395482,84.1708034352503,4732.98455712801,4800.01587249813,4815.79498877825,4854.82737761276,5163.78563217826,4677.94264009424,4691.46019390206,4831.70075947162,4886.29318535352,4926.14059000244
84.8408966395482,84.1708034352503,4732.98455712801,4800.01587249813,4815.79498877825,4854.82737761276,5163.78563217826,4677.94264009424,4691.46019390206,4831.70075947162,4886.29318535352,4926.14059000244
84.8408966395482,84.1708034352503,4732.98455712801,4800.01587249813,4815.79498877825,4854.82737761276,5163.78563217826,4677.94264009424,4691.46019390206,4831.70075947162,4886.29318535352,4926.14059000244
84.8408966395482,84.1708034352503,4732.98455712801,4800.01587249813,4815.79498877825,4854.82737761276,5163.78563217826,4677.94264009424,4691.46019390206,4831.70075947162,4886.29318535352,4926.14059000244
84.8408966395482,84.1708034352503,4732.98455712801,4800.01587249813,4815.79498877825,4854.82737761276,5163.78563217826,4677.94264009424,4691.46019390206,4831.70075947162,4886.29318535352,4926.14059000244
84.8408966395482,84.1708034352503,4732.98455712801,4800.01587249813,4815.79498877825,4854.82737761276,5163.78563217826,4677.94264009424,4691.46019390206,4831.70075947162,4886.29318535352,4926.14059000244
84.8408966395482,84.1708034352503,4732.98455712801,4800.01587249813,4815.79498877825,4854.82737761276,5163.78563217826,4677.94264009424,4691.46019390206,4831.70075947162,4886.29318535352,4926.14059000244
85.0919882010522,84.1708034352503,4617.30842250942,4800.01587249813,4849.22256854095,4920.95594304534,5163.78563217826,4677.94264009424,4691.46019390206,4831.70075947162,4886.29318535352,4926.14059000244
85.0919882010522,84.1708034352503,4617.30842250942,4800.01587249813,4849.22256854095,4920.95594304534,5163.78563217826,4677.94264009424,4691.46019390206,4831.70075947162,4886.29318535352,4926.14059000244
85.0919882010522,84.1708034352503,4617.30842250942,4800.01587249813,4849.22256854095,4920.95594304534,5163.78563217826,4677.94264009424,4691.46019390206,4831.70075947162,4886.29318535352,4926.14059000244
85.0919882010522,84.1708034352503,4617.30842250942,4800.01587249813,4849.22256854095,4920.95594304534,5163.78563217826,4677.94264009424,4691.46019390206,4831.70075947162,4886.29318535352,4926.14059000244
85.0919882010522,84.1708034352503,4617.30842250942,4800.01587249813,4849.22256854095,4920.95594304534,5163.78563217826,4677.94264009424,4691.46019390206,4831.70075947162,4886.29318535352,4926.14059000244
85.0919882010522,84.1708034352503,4617.30842250942,4800.01587249813,4849.22256854095,4920.95594304534,5163.78563217826,4677.94264009424,4691.46019390206,4831.70075947162,4886.29318535352,4926.14059000244
85.0919882010522,84.1708034352503,4617.30842250942,4800.01587249813,4849.22256854095,4920.95594304534,5163.78563217826,4677.94264009424,4691.46019390206,4831.70075947162,4886.29318535352,4926.14059000244
85.0919882010522,84.1708034352503,4617.30842250942,4800.01587249813,4849.22256854095,4920.95594304534,5163.78563217826,4677.94264009424,4691.46019390206,4831.70075947162,4886.29318535352,4926.14059000244
85.0919882010522,84.1708034352503,4617.30842250942,4800.01587249813,4849.22256854095,4920.95594304534,5163.78563217826,4677.94264009424,4691.46019390206,4831.70075947162,4886.29318535352,4926.14059000244
85.0919882010522,84.1708034352503,4617.30842250942,4800.01587249813,4849.22256854095,4920.95594304534,5163.78563217826,4677.94264009424,4691.46019390206,4831.70075947162,4886.29318535352,4926.14059000244
