4249.06916553934 4257.53455375824 4464.38694515649 4740.46643108054 4763.9475250864
4250.25453212259 4258.42962870949 4464.73919658455 4740.4671947612 4764.79291584426
4250.25453212259 4258.42962870949 4464.73919658455 4740.4671947612 4764.79291584426
4245.18784338903 4254.60278403792 4463.2827108351 4740.49098611806 4760.95697365035
4243.92330530438 4254.60278403792 4462.47523966564 4740.49098611806 4759.78942434576
4243.92330530438 4254.60278403792 4462.47523966564 4740.49098611806 4759.78942434576
4252.11912369933 4257.77881622086 4465.61561375472 4740.46622475688 4766.76287315671
4252.11912369933 4257.77881622086 4465.61561375472 4740.46622475688 4766.76287315671
4252.11912369933 4257.77881622086 4462.65922745907 4740.47612941007 4762.32174066125
4252.11912369933 4259.93716909681 4461.04336209966 4740.4739773916 4762.75947431859
4252.11912369933 4259.93716909681 4461.04336209966 4740.4739773916 4762.75947431859
4252.11912369933 4259.93716909681 4466.97633941403 4740.46892818571 4766.05675292158
4252.11912369933 4259.93716909681 4466.97633941403 4740.46892818571 4766.05675292158
4252.11912369933 4259.93716909681 4466.97633941403 4740.46892818571 4766.05675292158
4247.15927496171 4257.20629119365 4468.92844770762 4740.46892818571 4765.28216314925
4249.4066613222 4257.20629119365 4468.21045930517 4740.46999158625 4764.82143563044
4247.25314012153 4255.94382442641 4466.69246985361 4740.46999158625 4765.20671595592
4247.3598094403 4255.5386065319 4465.46490253517 4740.47044885717 4765.38321930106
4247.3598094403 4253.90730907935 4462.508554385 4740.47246789901 4763.38729591869
4239.18015525884 4255.72166917986 4465.79666111165 4740.47022228221 4765.60719992393
4240.17770897375 4255.72166917986 4465.85730358423 4740.47075961943 4766.2413390624
4240.17770897375 4255.72166917986 4465.85730358423 4740.47075961943 4766.2413390624
4240.17770897375 4255.72166917986 4465.85730358423 4740.47075961943 4766.2413390624
4238.31535229171 4255.07315528678 4466.47995547555 4740.47058497697 4766.2413390624
4244.89831444367 4257.29624769479 4468.07752480037 4740.47155045957 4764.35646694147
4244.89831444367 4257.29624769479 4468.07752480037 4740.47155045957 4764.35646694147
4244.89831444367 4257.29624769479 4468.07752480037 4740.47155045957 4764.35646694147
4240.27165289171 4259.00868498744 4469.36964248233 4740.47233134407 4765.68119966375
4245.11780346216 4257.21500959765 4469.36964248233 4740.47151341437 4764.29362156545
4243.83697944815 4256.34993196033 4469.5898382812 4740.47173545819 4764.06045681345
4243.83697944815 4256.34993196033 4469.5898382812 4740.47173545819 4764.06045681345
4243.83697944815 4256.34993196033 4469.5898382812 4740.47173545819 4764.06045681345
4243.83697944815 4256.34993196033 4469.5898382812 4740.47173545819 4764.06045681345
4243.83697944815 4256.34993196033 4469.5898382812 4740.47173545819 4764.06045681345
4243.83697944815 4254.23165968399 4470.4293863961 4740.47193729259 4764.2201188686
4243.83697944815 4254.23165968399 4470.4293863961 4740.47193729259 4764.2201188686
4243.83697944815 4254.23165968399 4470.4293863961 4740.47193729259 4764.2201188686
4243.72666721714 4251.93014149457 4470.18256059361 4740.4720147733 4764.10568333902
4245.62687222796 4263.12591518202 4467.67215172721 4740.47123595008 4765.47996418039
4245.62687222796 4263.12591518202 4467.67215172721 4740.47123595008 4765.47996418039
4245.90914083924 4263.12591518202 4468.91380692467 4740.4713733068 4764.64632142776
4245.90914083924 4263.12591518202 4468.91380692467 4740.4713733068 4764.64632142776
4245.90914083924 4263.12591518202 4468.91380692467 4740.4713733068 4764.64632142776
4245.90914083924 4263.12591518202 4468.91380692467 4740.4713733068 4764.64632142776
4245.90914083924 4263.12591518202 4468.91380692467 4740.4713733068 4764.64632142776
4248.54254256378 4297.65487115802 4468.91380692467 4740.47246493654 4766.36751566429
4249.69532494498 4297.33879911497 4468.91380692467 4740.47220023669 4766.97069819834
4239.67265357164 4297.33879911497 4468.91380692467 4740.47109180408 4761.03636428153
4244.09027719581 4319.41773051065 4465.62239601693 4740.47058522462 4761.45118311107
4244.09027719581 4319.41773051065 4480.37305288395 4740.47334611588 4769.8128931779
4245.49128315701 4319.41773051065 4485.26796924328 4740.47328660205 4775.04573108464
4245.49128315701 4319.41773051065 4485.26796924328 4740.47081250165 4775.04573108464
4245.49128315701 4259.06629984081 4485.26796924328 4740.47255609213 4760.19014213175
4244.22093974192 4254.86400348162 4485.06101704206 4740.47241982885 4760.19014213175
4250.33270957354 4307.02826226202 4460.35459419428 4740.4714322993 4770.94483284126
4254.70533137925 4300.16645937479 4455.06272834673 4740.47089771215 4774.22574939778
4254.70533137925 4298.18590061097 4455.06272834673 4740.47089771215 4774.22574939778
4254.70533137925 4257.0779360206 4496.86479317046 4740.47332963388 4753.7268905191
4254.70533137925 4257.0779360206 4496.86479317046 4740.47332963388 4753.7268905191
4254.70533137925 4257.0779360206 4496.86479317046 4740.47332963388 4753.7268905191
4254.70533137925 4272.68479825058 4511.99806326752 4740.47332963388 4743.82704020937
4254.70533137925 4272.68479825058 4511.99806326752 4740.47332963388 4743.82704020937
4254.70533137925 4272.68479825058 4511.99806326752 4740.47332963388 4743.82704020937
4254.70533137925 4272.68479825058 4511.99806326752 4740.47332963388 4743.82704020937
4254.70533137925 4272.68479825058 4511.99806326752 4740.47332963388 4743.82704020937
4254.70533137925 4272.68479825058 4511.99806326752 4740.47332963388 4743.82704020937
4258.47208706883 4272.68479825058 4521.77043571751 4740.47332963388 4743.82704020937
4258.47208706883 4272.68479825058 4521.77043571751 4740.47332963388 4743.82704020937
4258.47208706883 4272.68479825058 4521.77043571751 4740.47332963388 4743.82704020937
4258.47208706883 4272.68479825058 4521.77043571751 4740.47332963388 4743.82704020937
4258.47208706883 4272.68479825058 4521.77043571751 4740.47332963388 4743.82704020937
4258.47208706883 4272.68479825058 4521.77043571751 4740.47332963388 4743.82704020937
4254.13689149352 4272.68479825058 4322.68486945405 4740.47226131397 4910.08320842497
4254.13689149352 4272.68479825058 4322.68486945405 4740.47226131397 4910.08320842497
4254.13689149352 4272.68479825058 4322.68486945405 4740.47226131397 4910.08320842497
4254.13689149352 4272.68479825058 4322.68486945405 4740.47226131397 4910.08320842497
4254.13689149352 4272.68479825058 4322.68486945405 4740.47226131397 4910.08320842497
4254.13689149352 4272.68479825058 4322.68486945405 4740.47226131397 4910.08320842497
4254.13689149352 4272.68479825058 4322.68486945405 4740.47226131397 4910.08320842497
4254.13689149352 4272.68479825058 4322.68486945405 4740.47226131397 4910.08320842497
4254.13689149352 4272.68479825058 4322.68486945405 4740.47226131397 4910.08320842497
4254.13689149352 4272.68479825058 4322.68486945405 4740.47226131397 4910.08320842497
4254.13689149352 4272.68479825058 4322.68486945405 4740.47226131397 4910.08320842497
4254.13689149352 4272.68479825058 4322.68486945405 4740.47226131397 4910.08320842497
4254.13689149352 4272.68479825058 4322.68486945405 4740.47226131397 4910.08320842497
4254.13689149352 4272.68479825058 4322.68486945405 4740.47226131397 4910.08320842497
4254.13689149352 4272.68479825058 4322.68486945405 4740.47226131397 4910.08320842497
4254.13689149352 4272.68479825058 4322.68486945405 4740.47226131397 4910.08320842497
4254.13689149352 4272.68479825058 4322.68486945405 4740.47226131397 4910.08320842497
4254.13689149352 4272.68479825058 4322.68486945405 4740.47226131397 4910.08320842497
4254.13689149352 4272.68479825058 4322.68486945405 4740.47226131397 4910.08320842497
4254.13689149352 4272.68479825058 4322.68486945405 4740.47226131397 4910.08320842497
4254.13689149352 4272.68479825058 4322.68486945405 4740.47226131397 4910.08320842497
4254.13689149352 4272.68479825058 4322.68486945405 4740.47226131397 4910.08320842497
4254.13689149352 4272.68479825058 4322.68486945405 4740.47226131397 4910.08320842497
4254.13689149352 4313.62730417398 4349.83640780918 4740.47226131397 5010.36538802415
4254.13689149352 4313.62730417398 4349.83640780918 4740.47226131397 5010.36538802415
4254.13689149352 4313.62730417398 4349.83640780918 4740.47226131397 5010.36538802415
4254.13689149352 4313.62730417398 4349.83640780918 4740.47226131397 5010.36538802415
4254.13689149352 4313.62730417398 4349.83640780918 4740.47226131397 5010.36538802415
